{"numTotalTestSuites":2,"numPassedTestSuites":0,"numFailedTestSuites":2,"numPendingTestSuites":0,"numTotalTests":4,"numPassedTests":1,"numFailedTests":3,"numPendingTests":0,"numTodoTests":0,"snapshot":{"added":0,"failure":false,"filesAdded":0,"filesRemoved":0,"filesRemovedList":[],"filesUnmatched":0,"filesUpdated":0,"matched":0,"total":0,"unchecked":0,"uncheckedKeysByFile":[],"unmatched":0,"updated":0,"didUpdate":false},"startTime":1772295821843,"success":false,"testResults":[{"assertionResults":[{"ancestorTitles":["BookingDataForm"],"fullName":"BookingDataForm renders the form inputs correctly","status":"passed","title":"renders the form inputs correctly","duration":123.22720000000004,"failureMessages":[],"meta":{}},{"ancestorTitles":["BookingDataForm"],"fullName":"BookingDataForm validates email format inline and prevents submission","status":"failed","title":"validates email format inline and prevents submission","duration":1021.0774999999999,"failureMessages":["Error: Found multiple elements with the text: /inválido|invalido|incorrecto|email/i\n\nHere are the matching elements:\n\nIgnored nodes: comments, script, style\n\u001b[36m<p\u001b[39m\n  \u001b[33mclass\u001b[39m=\u001b[32m\"text-sm md:text-base text-gray-400 mb-8 max-w-xs\"\u001b[39m\n\u001b[36m>\u001b[39m\n  \u001b[0mIngresá tu nombre y email para solicitar la reserva.\u001b[0m\n\u001b[36m</p>\u001b[39m\n\nIgnored nodes: comments, script, style\n\u001b[36m<label\u001b[39m\n  \u001b[33mclass\u001b[39m=\u001b[32m\"peer-disabled:cursor-not-allowed peer-disabled:opacity-70 uppercase text-nmd-orange font-bold tracking-wider text-xs\"\u001b[39m\n  \u001b[33mfor\u001b[39m=\u001b[32m\"_r_3_-form-item\"\u001b[39m\n\u001b[36m>\u001b[39m\n  \u001b[0mEmail\u001b[0m\n\u001b[36m</label>\u001b[39m\n\nIgnored nodes: comments, script, style\n\u001b[36m<p\u001b[39m\n  \u001b[33mclass\u001b[39m=\u001b[32m\"font-medium text-red-400 text-xs mt-2\"\u001b[39m\n  \u001b[33mid\u001b[39m=\u001b[32m\"_r_3_-form-item-message\"\u001b[39m\n\u001b[36m>\u001b[39m\n  \u001b[0mEmail inválido\u001b[0m\n\u001b[36m</p>\u001b[39m\n\n(If this is intentional, then use the `*AllBy*` variant of the query (like `queryAllByText`, `getAllByText`, or `findAllByText`)).\n\nIgnored nodes: comments, script, style\n\u001b[36m<body>\u001b[39m\n  \u001b[36m<div>\u001b[39m\n    \u001b[36m<div\u001b[39m\n      \u001b[33mclass\u001b[39m=\u001b[32m\"flex flex-col p-4 md:p-6 w-full\"\u001b[39m\n    \u001b[36m>\u001b[39m\n      \u001b[36m<h3\u001b[39m\n        \u001b[33mclass\u001b[39m=\u001b[32m\"text-2xl md:text-3xl font-bold uppercase tracking-tight text-white mb-2\"\u001b[39m\n      \u001b[36m>\u001b[39m\n        \u001b[0mTus Datos\u001b[0m\n      \u001b[36m</h3>\u001b[39m\n      \u001b[36m<p\u001b[39m\n        \u001b[33mclass\u001b[39m=\u001b[32m\"text-sm md:text-base text-gray-400 mb-8 max-w-xs\"\u001b[39m\n      \u001b[36m>\u001b[39m\n        \u001b[0mIngresá tu nombre y email para solicitar la reserva.\u001b[0m\n      \u001b[36m</p>\u001b[39m\n      \u001b[36m<form\u001b[39m\n        \u001b[33mclass\u001b[39m=\u001b[32m\"space-y-8\"\u001b[39m\n      \u001b[36m>\u001b[39m\n        \u001b[36m<div\u001b[39m\n          \u001b[33mclass\u001b[39m=\u001b[32m\"space-y-2\"\u001b[39m\n        \u001b[36m>\u001b[39m\n          \u001b[36m<label\u001b[39m\n            \u001b[33mclass\u001b[39m=\u001b[32m\"peer-disabled:cursor-not-allowed peer-disabled:opacity-70 uppercase text-nmd-orange font-bold tracking-wider text-xs\"\u001b[39m\n            \u001b[33mfor\u001b[39m=\u001b[32m\"_r_2_-form-item\"\u001b[39m\n          \u001b[36m>\u001b[39m\n            \u001b[0mNombre\u001b[0m\n          \u001b[36m</label>\u001b[39m\n          \u001b[36m<input\u001b[39m\n            \u001b[33maria-describedby\u001b[39m=\u001b[32m\"_r_2_-form-item-description\"\u001b[39m\n            \u001b[33maria-invalid\u001b[39m=\u001b[32m\"false\"\u001b[39m\n            \u001b[33mclass\u001b[39m=\u001b[32m\"flex w-full shadow-sm transition-colors file:border-0 file:bg-transparent file:text-sm file:font-medium file:text-foreground focus-visible:outline-none focus-visible:ring-ring disabled:cursor-not-allowed disabled:opacity-50 md:text-sm bg-transparent border-0 border-b border-white/20 rounded-none px-0 text-xl font-medium text-white placeholder:text-white/20 focus-visible:ring-0 focus-visible:ring-offset-0 focus-visible:border-white h-auto py-2\"\u001b[39m\n            \u001b[33mid\u001b[39m=\u001b[32m\"_r_2_-form-item\"\u001b[39m\n            \u001b[33mname\u001b[39m=\u001b[32m\"name\"\u001b[39m\n            \u001b[33mplaceholder\u001b[39m=\u001b[32m\"Juan Perez\"\u001b[39m\n            \u001b[33mvalue\u001b[39m=\u001b[32m\"Juan Perez\"\u001b[39m\n          \u001b[36m/>\u001b[39m\n        \u001b[36m</div>\u001b[39m\n        \u001b[36m<div\u001b[39m\n          \u001b[33mclass\u001b[39m=\u001b[32m\"space-y-2\"\u001b[39m\n        \u001b[36m>\u001b[39m\n          \u001b[36m<label\u001b[39m\n            \u001b[33mclass\u001b[39m=\u001b[32m\"peer-disabled:cursor-not-allowed peer-disabled:opacity-70 uppercase text-nmd-orange font-bold tracking-wider text-xs\"\u001b[39m\n            \u001b[33mfor\u001b[39m=\u001b[32m\"_r_3_-form-item\"\u001b[39m\n          \u001b[36m>\u001b[39m\n            \u001b[0mEmail\u001b[0m\n          \u001b[36m</label>\u001b[39m\n          \u001b[36m<input\u001b[39m\n            \u001b[33maria-describedby\u001b[39m=\u001b[32m\"_r_3_-form-item-description _r_3_-form-item-message\"\u001b[39m\n            \u001b[33maria-invalid\u001b[39m=\u001b[32m\"true\"\u001b[39m\n            \u001b[33mclass\u001b[39m=\u001b[32m\"flex w-full shadow-sm transition-colors file:border-0 file:bg-transparent file:text-sm file:font-medium file:text-foreground focus-visible:outline-none focus-visible:ring-ring disabled:cursor-not-allowed disabled:opacity-50 md:text-sm bg-transparent border-0 border-b border-white/20 rounded-none px-0 text-xl font-medium text-white placeholder:text-white/20 focus-visible:ring-0 focus-visible:ring-offset-0 focus-visible:border-white h-auto py-2\"\u001b[39m\n            \u001b[33mid\u001b[39m=\u001b[32m\"_r_3_-form-item\"\u001b[39m\n            \u001b[33mname\u001b[39m=\u001b[32m\"email\"\u001b[39m\n            \u001b[33mplaceholder\u001b[39m=\u001b[32m\"tu@email.com\"\u001b[39m\n            \u001b[33mvalue\u001b[39m=\u001b[32m\"invalid-email\"\u001b[39m\n          \u001b[36m/>\u001b[39m\n          \u001b[36m<p\u001b[39m\n            \u001b[33mclass\u001b[39m=\u001b[32m\"font-medium text-red-400 text-xs mt-2\"\u001b[39m\n            \u001b[33mid\u001b[39m=\u001b[32m\"_r_3_-form-item-message\"\u001b[39m\n          \u001b[36m>\u001b[39m\n            \u001b[0mEmail inválido\u001b[0m\n          \u001b[36m</p>\u001b[39m\n        \u001b[36m</div>\u001b[39m\n        \u001b[36m<button\u001b[39m\n          \u001b[33mclass\u001b[39m=\u001b[32m\"w-full mt-4 py-4 flex items-center justify-center text-lg font-bold uppercase tracking-widest text-white transition-colors border\n              bg-white/5 border-white/10 text-white/40 cursor-not-allowed\n            \"\u001b[39m\n          \u001b[33mdisabled\u001b[39m=\u001b[32m\"\"\u001b[39m\n          \u001b[33mtabindex\u001b[39m=\u001b[32m\"0\"\u001b[39m\n          \u001b[33mtype\u001b[39m=\u001b[32m\"submit\"\u001b[39m\n        \u001b[36m>\u001b[39m\n          \u001b[0mSolicitar Reserva\u001b[0m\n        \u001b[36m</button>\u001b[39m\n      \u001b[36m</form>\u001b[39m\n    \u001b[36m</div>\u001b[39m\n  \u001b[36m</div>\u001b[39m\n\u001b[36m</body>\u001b[39m\n    at waitForWrapper (C:\\Users\\Estudiante UCU\\Desktop\\ProyectoWeb-somosNMD-v-Final\\node_modules\\.pnpm\\@testing-library+dom@10.4.1\\node_modules\\@testing-library\\dom\\dist\\wait-for.js:163:27)\n    at C:/Users/Estudiante UCU/Desktop/ProyectoWeb-somosNMD-v-Final/apps/web/src/components/blocks/booking-data-form.test.tsx:25:11\n    at file:///C:/Users/Estudiante%20UCU/Desktop/ProyectoWeb-somosNMD-v-Final/node_modules/.pnpm/@vitest+runner@4.0.3/node_modules/@vitest/runner/dist/index.js:157:11\n    at file:///C:/Users/Estudiante%20UCU/Desktop/ProyectoWeb-somosNMD-v-Final/node_modules/.pnpm/@vitest+runner@4.0.3/node_modules/@vitest/runner/dist/index.js:753:26\n    at file:///C:/Users/Estudiante%20UCU/Desktop/ProyectoWeb-somosNMD-v-Final/node_modules/.pnpm/@vitest+runner@4.0.3/node_modules/@vitest/runner/dist/index.js:1636:20\n    at new Promise (<anonymous>)\n    at runWithTimeout (file:///C:/Users/Estudiante%20UCU/Desktop/ProyectoWeb-somosNMD-v-Final/node_modules/.pnpm/@vitest+runner@4.0.3/node_modules/@vitest/runner/dist/index.js:1602:10)\n    at runTest (file:///C:/Users/Estudiante%20UCU/Desktop/ProyectoWeb-somosNMD-v-Final/node_modules/.pnpm/@vitest+runner@4.0.3/node_modules/@vitest/runner/dist/index.js:1309:12)\n    at processTicksAndRejections (node:internal/process/task_queues:105:5)\n    at runSuite (file:///C:/Users/Estudiante%20UCU/Desktop/ProyectoWeb-somosNMD-v-Final/node_modules/.pnpm/@vitest+runner@4.0.3/node_modules/@vitest/runner/dist/index.js:1468:8)"],"meta":{}},{"ancestorTitles":["BookingDataForm"],"fullName":"BookingDataForm submits the form when data is valid","status":"failed","title":"submits the form when data is valid","duration":1050.3967000000002,"failureMessages":["AssertionError: expected \"vi.fn()\" to be called with arguments: [ ObjectContaining{…} ]\u001b[90m\n\nReceived: \n\n\u001b[1m  1st vi.fn() call:\n\n\u001b[22m\u001b[2m  [\u001b[22m\n\u001b[32m-   ObjectContaining {\u001b[90m\n\u001b[31m+   {\u001b[90m\n\u001b[2m      \"email\": \"juan@example.com\",\u001b[22m\n\u001b[2m      \"name\": \"Juan Perez\",\u001b[22m\n\u001b[31m+   },\u001b[90m\n\u001b[31m+   SyntheticBaseEvent {\u001b[90m\n\u001b[31m+     \"_reactName\": \"onSubmit\",\u001b[90m\n\u001b[31m+     \"_targetInst\": null,\u001b[90m\n\u001b[31m+     \"bubbles\": true,\u001b[90m\n\u001b[31m+     \"cancelable\": true,\u001b[90m\n\u001b[31m+     \"currentTarget\": null,\u001b[90m\n\u001b[31m+     \"defaultPrevented\": true,\u001b[90m\n\u001b[31m+     \"eventPhase\": 3,\u001b[90m\n\u001b[31m+     \"isDefaultPrevented\": [Function functionThatReturnsTrue],\u001b[90m\n\u001b[31m+     \"isPropagationStopped\": [Function functionThatReturnsFalse],\u001b[90m\n\u001b[31m+     \"isTrusted\": true,\u001b[90m\n\u001b[31m+     \"nativeEvent\": SubmitEvent {\u001b[90m\n\u001b[31m+       \"isTrusted\": true,\u001b[90m\n\u001b[31m+     },\u001b[90m\n\u001b[31m+     \"target\": <form\u001b[90m\n\u001b[31m+       class=\"space-y-8\"\u001b[90m\n\u001b[31m+     >\u001b[90m\n\u001b[31m+       <div\u001b[90m\n\u001b[31m+         class=\"space-y-2\"\u001b[90m\n\u001b[31m+       >\u001b[90m\n\u001b[31m+         <label\u001b[90m\n\u001b[31m+           class=\"peer-disabled:cursor-not-allowed peer-disabled:opacity-70 uppercase text-nmd-orange font-bold tracking-wider text-xs\"\u001b[90m\n\u001b[31m+           for=\"_r_4_-form-item\"\u001b[90m\n\u001b[31m+         >\u001b[90m\n\u001b[31m+           Nombre\u001b[90m\n\u001b[31m+         </label>\u001b[90m\n\u001b[31m+         <input\u001b[90m\n\u001b[31m+           aria-describedby=\"_r_4_-form-item-description\"\u001b[90m\n\u001b[31m+           aria-invalid=\"false\"\u001b[90m\n\u001b[31m+           class=\"flex w-full shadow-sm transition-colors file:border-0 file:bg-transparent file:text-sm file:font-medium file:text-foreground focus-visible:outline-none focus-visible:ring-ring disabled:cursor-not-allowed disabled:opacity-50 md:text-sm bg-transparent border-0 border-b border-white/20 rounded-none px-0 text-xl font-medium text-white placeholder:text-white/20 focus-visible:ring-0 focus-visible:ring-offset-0 focus-visible:border-white h-auto py-2\"\u001b[90m\n\u001b[31m+           id=\"_r_4_-form-item\"\u001b[90m\n\u001b[31m+           name=\"name\"\u001b[90m\n\u001b[31m+           placeholder=\"Juan Perez\"\u001b[90m\n\u001b[31m+           value=\"Juan Perez\"\u001b[90m\n\u001b[31m+         />\u001b[90m\n\u001b[31m+       </div>\u001b[90m\n\u001b[31m+       <div\u001b[90m\n\u001b[31m+         class=\"space-y-2\"\u001b[90m\n\u001b[31m+       >\u001b[90m\n\u001b[31m+         <label\u001b[90m\n\u001b[31m+           class=\"peer-disabled:cursor-not-allowed peer-disabled:opacity-70 uppercase text-nmd-orange font-bold tracking-wider text-xs\"\u001b[90m\n\u001b[31m+           for=\"_r_5_-form-item\"\u001b[90m\n\u001b[31m+         >\u001b[90m\n\u001b[31m+           Email\u001b[90m\n\u001b[31m+         </label>\u001b[90m\n\u001b[31m+         <input\u001b[90m\n\u001b[31m+           aria-describedby=\"_r_5_-form-item-description\"\u001b[90m\n\u001b[31m+           aria-invalid=\"false\"\u001b[90m\n\u001b[31m+           class=\"flex w-full shadow-sm transition-colors file:border-0 file:bg-transparent file:text-sm file:font-medium file:text-foreground focus-visible:outline-none focus-visible:ring-ring disabled:cursor-not-allowed disabled:opacity-50 md:text-sm bg-transparent border-0 border-b border-white/20 rounded-none px-0 text-xl font-medium text-white placeholder:text-white/20 focus-visible:ring-0 focus-visible:ring-offset-0 focus-visible:border-white h-auto py-2\"\u001b[90m\n\u001b[31m+           id=\"_r_5_-form-item\"\u001b[90m\n\u001b[31m+           name=\"email\"\u001b[90m\n\u001b[31m+           placeholder=\"tu@email.com\"\u001b[90m\n\u001b[31m+           value=\"juan@example.com\"\u001b[90m\n\u001b[31m+         />\u001b[90m\n\u001b[31m+       </div>\u001b[90m\n\u001b[31m+       <button\u001b[90m\n\u001b[31m+         class=\"w-full mt-4 py-4 flex items-center justify-center text-lg font-bold uppercase tracking-widest text-white transition-colors border\u001b[90m\n\u001b[31m+               bg-nmd-orange/10 border-nmd-orange/50 hover:bg-nmd-orange/20\u001b[90m\n\u001b[31m+             \"\u001b[90m\n\u001b[31m+         tabindex=\"0\"\u001b[90m\n\u001b[31m+         type=\"submit\"\u001b[90m\n\u001b[31m+       >\u001b[90m\n\u001b[31m+         Solicitar Reserva\u001b[90m\n\u001b[31m+       </button>\u001b[90m\n\u001b[31m+     </form>,\u001b[90m\n\u001b[31m+     \"timeStamp\": 1772295824743,\u001b[90m\n\u001b[31m+     \"type\": \"submit\",\u001b[90m\n\u001b[2m    },\u001b[22m\n\u001b[2m  ]\u001b[22m\n\u001b[39m\u001b[90m\n\nNumber of calls: \u001b[1m1\u001b[22m\n\u001b[39m\n\nIgnored nodes: comments, script, style\n\u001b[36m<html>\u001b[39m\n  \u001b[36m<head />\u001b[39m\n  \u001b[36m<body>\u001b[39m\n    \u001b[36m<div>\u001b[39m\n      \u001b[36m<div\u001b[39m\n        \u001b[33mclass\u001b[39m=\u001b[32m\"flex flex-col p-4 md:p-6 w-full\"\u001b[39m\n      \u001b[36m>\u001b[39m\n        \u001b[36m<h3\u001b[39m\n          \u001b[33mclass\u001b[39m=\u001b[32m\"text-2xl md:text-3xl font-bold uppercase tracking-tight text-white mb-2\"\u001b[39m\n        \u001b[36m>\u001b[39m\n          \u001b[0mTus Datos\u001b[0m\n        \u001b[36m</h3>\u001b[39m\n        \u001b[36m<p\u001b[39m\n          \u001b[33mclass\u001b[39m=\u001b[32m\"text-sm md:text-base text-gray-400 mb-8 max-w-xs\"\u001b[39m\n        \u001b[36m>\u001b[39m\n          \u001b[0mIngresá tu nombre y email para solicitar la reserva.\u001b[0m\n        \u001b[36m</p>\u001b[39m\n        \u001b[36m<form\u001b[39m\n          \u001b[33mclass\u001b[39m=\u001b[32m\"space-y-8\"\u001b[39m\n        \u001b[36m>\u001b[39m\n          \u001b[36m<div\u001b[39m\n            \u001b[33mclass\u001b[39m=\u001b[32m\"space-y-2\"\u001b[39m\n          \u001b[36m>\u001b[39m\n            \u001b[36m<label\u001b[39m\n              \u001b[33mclass\u001b[39m=\u001b[32m\"peer-disabled:cursor-not-allowed peer-disabled:opacity-70 uppercase text-nmd-orange font-bold tracking-wider text-xs\"\u001b[39m\n              \u001b[33mfor\u001b[39m=\u001b[32m\"_r_4_-form-item\"\u001b[39m\n            \u001b[36m>\u001b[39m\n              \u001b[0mNombre\u001b[0m\n            \u001b[36m</label>\u001b[39m\n            \u001b[36m<input\u001b[39m\n              \u001b[33maria-describedby\u001b[39m=\u001b[32m\"_r_4_-form-item-description\"\u001b[39m\n              \u001b[33maria-invalid\u001b[39m=\u001b[32m\"false\"\u001b[39m\n              \u001b[33mclass\u001b[39m=\u001b[32m\"flex w-full shadow-sm transition-colors file:border-0 file:bg-transparent file:text-sm file:font-medium file:text-foreground focus-visible:outline-none focus-visible:ring-ring disabled:cursor-not-allowed disabled:opacity-50 md:text-sm bg-transparent border-0 border-b border-white/20 rounded-none px-0 text-xl font-medium text-white placeholder:text-white/20 focus-visible:ring-0 focus-visible:ring-offset-0 focus-visible:border-white h-auto py-2\"\u001b[39m\n              \u001b[33mid\u001b[39m=\u001b[32m\"_r_4_-form-item\"\u001b[39m\n              \u001b[33mname\u001b[39m=\u001b[32m\"name\"\u001b[39m\n              \u001b[33mplaceholder\u001b[39m=\u001b[32m\"Juan Perez\"\u001b[39m\n              \u001b[33mvalue\u001b[39m=\u001b[32m\"Juan Perez\"\u001b[39m\n            \u001b[36m/>\u001b[39m\n          \u001b[36m</div>\u001b[39m\n          \u001b[36m<div\u001b[39m\n            \u001b[33mclass\u001b[39m=\u001b[32m\"space-y-2\"\u001b[39m\n          \u001b[36m>\u001b[39m\n            \u001b[36m<label\u001b[39m\n              \u001b[33mclass\u001b[39m=\u001b[32m\"peer-disabled:cursor-not-allowed peer-disabled:opacity-70 uppercase text-nmd-orange font-bold tracking-wider text-xs\"\u001b[39m\n              \u001b[33mfor\u001b[39m=\u001b[32m\"_r_5_-form-item\"\u001b[39m\n            \u001b[36m>\u001b[39m\n              \u001b[0mEmail\u001b[0m\n            \u001b[36m</label>\u001b[39m\n            \u001b[36m<input\u001b[39m\n              \u001b[33maria-describedby\u001b[39m=\u001b[32m\"_r_5_-form-item-description\"\u001b[39m\n              \u001b[33maria-invalid\u001b[39m=\u001b[32m\"false\"\u001b[39m\n              \u001b[33mclass\u001b[39m=\u001b[32m\"flex w-full shadow-sm transition-colors file:border-0 file:bg-transparent file:text-sm file:font-medium file:text-foreground focus-visible:outline-none focus-visible:ring-ring disabled:cursor-not-allowed disabled:opacity-50 md:text-sm bg-transparent border-0 border-b border-white/20 rounded-none px-0 text-xl font-medium text-white placeholder:text-white/20 focus-visible:ring-0 focus-visible:ring-offset-0 focus-visible:border-white h-auto py-2\"\u001b[39m\n              \u001b[33mid\u001b[39m=\u001b[32m\"_r_5_-form-item\"\u001b[39m\n              \u001b[33mname\u001b[39m=\u001b[32m\"email\"\u001b[39m\n              \u001b[33mplaceholder\u001b[39m=\u001b[32m\"tu@email.com\"\u001b[39m\n              \u001b[33mvalue\u001b[39m=\u001b[32m\"juan@example.com\"\u001b[39m\n            \u001b[36m/>\u001b[39m\n          \u001b[36m</div>\u001b[39m\n          \u001b[36m<button\u001b[39m\n            \u001b[33mclass\u001b[39m=\u001b[32m\"w-full mt-4 py-4 flex items-center justify-center text-lg font-bold uppercase tracking-widest text-white transition-colors border\n              bg-nmd-orange/10 border-nmd-orange/50 hover:bg-nmd-orange/20\n            \"\u001b[39m\n            \u001b[33mtabindex\u001b[39m=\u001b[32m\"0\"\u001b[39m\n            \u001b[33mtype\u001b[39m=\u001b[32m\"submit\"\u001b[39m\n          \u001b[36m>\u001b[39m\n            \u001b[0mSolicitar Reserva\u001b[0m\n          \u001b[36m</button>\u001b[39m\n        \u001b[36m</form>\u001b[39m\n      \u001b[36m</div>\u001b[39m\n    \u001b[36m</div>\u001b[39m\n  \u001b[36m</body>\u001b[39m\n\u001b[36m</html>\u001b[39m\n    at Proxy.<anonymous> (file:///C:/Users/Estudiante%20UCU/Desktop/ProyectoWeb-somosNMD-v-Final/node_modules/.pnpm/@vitest+expect@4.0.3/node_modules/@vitest/expect/dist/index.js:1416:10)\n    at Proxy.<anonymous> (file:///C:/Users/Estudiante%20UCU/Desktop/ProyectoWeb-somosNMD-v-Final/node_modules/.pnpm/@vitest+expect@4.0.3/node_modules/@vitest/expect/dist/index.js:1086:14)\n    at Proxy.methodWrapper (file:///C:/Users/Estudiante%20UCU/Desktop/ProyectoWeb-somosNMD-v-Final/node_modules/.pnpm/chai@6.2.0/node_modules/chai/index.js:1701:25)\n    at C:/Users/Estudiante UCU/Desktop/ProyectoWeb-somosNMD-v-Final/apps/web/src/components/blocks/booking-data-form.test.tsx:54:28\n    at runWithExpensiveErrorDiagnosticsDisabled (C:\\Users\\Estudiante UCU\\Desktop\\ProyectoWeb-somosNMD-v-Final\\node_modules\\.pnpm\\@testing-library+dom@10.4.1\\node_modules\\@testing-library\\dom\\dist\\config.js:47:12)\n    at checkCallback (C:\\Users\\Estudiante UCU\\Desktop\\ProyectoWeb-somosNMD-v-Final\\node_modules\\.pnpm\\@testing-library+dom@10.4.1\\node_modules\\@testing-library\\dom\\dist\\wait-for.js:124:77)\n    at Timeout.checkRealTimersCallback (C:\\Users\\Estudiante UCU\\Desktop\\ProyectoWeb-somosNMD-v-Final\\node_modules\\.pnpm\\@testing-library+dom@10.4.1\\node_modules\\@testing-library\\dom\\dist\\wait-for.js:118:16)\n    at listOnTimeout (node:internal/timers:588:17)\n    at processTimers (node:internal/timers:523:7)"],"meta":{}},{"ancestorTitles":["BookingDataForm"],"fullName":"BookingDataForm disables the submit button when isPending is true","status":"failed","title":"disables the submit button when isPending is true","duration":130.00319999999965,"failureMessages":["TestingLibraryElementError: Unable to find an accessible element with the role \"button\" and name `/solicitar reserva/i`\n\nHere are the accessible roles:\n\n  heading:\n\n  Name \"Tus Datos\":\n  \u001b[36m<h3\u001b[39m\n    \u001b[33mclass\u001b[39m=\u001b[32m\"text-2xl md:text-3xl font-bold uppercase tracking-tight text-white mb-2\"\u001b[39m\n  \u001b[36m/>\u001b[39m\n\n  --------------------------------------------------\n  paragraph:\n\n  Name \"\":\n  \u001b[36m<p\u001b[39m\n    \u001b[33mclass\u001b[39m=\u001b[32m\"text-sm md:text-base text-gray-400 mb-8 max-w-xs\"\u001b[39m\n  \u001b[36m/>\u001b[39m\n\n  --------------------------------------------------\n  textbox:\n\n  Name \"Nombre\":\n  \u001b[36m<input\u001b[39m\n    \u001b[33maria-describedby\u001b[39m=\u001b[32m\"_r_6_-form-item-description\"\u001b[39m\n    \u001b[33maria-invalid\u001b[39m=\u001b[32m\"false\"\u001b[39m\n    \u001b[33mclass\u001b[39m=\u001b[32m\"flex w-full shadow-sm transition-colors file:border-0 file:bg-transparent file:text-sm file:font-medium file:text-foreground focus-visible:outline-none focus-visible:ring-ring disabled:cursor-not-allowed disabled:opacity-50 md:text-sm bg-transparent border-0 border-b border-white/20 rounded-none px-0 text-xl font-medium text-white placeholder:text-white/20 focus-visible:ring-0 focus-visible:ring-offset-0 focus-visible:border-white h-auto py-2\"\u001b[39m\n    \u001b[33mid\u001b[39m=\u001b[32m\"_r_6_-form-item\"\u001b[39m\n    \u001b[33mname\u001b[39m=\u001b[32m\"name\"\u001b[39m\n    \u001b[33mplaceholder\u001b[39m=\u001b[32m\"Juan Perez\"\u001b[39m\n    \u001b[33mvalue\u001b[39m=\u001b[32m\"\"\u001b[39m\n  \u001b[36m/>\u001b[39m\n\n  Name \"Email\":\n  \u001b[36m<input\u001b[39m\n    \u001b[33maria-describedby\u001b[39m=\u001b[32m\"_r_7_-form-item-description\"\u001b[39m\n    \u001b[33maria-invalid\u001b[39m=\u001b[32m\"false\"\u001b[39m\n    \u001b[33mclass\u001b[39m=\u001b[32m\"flex w-full shadow-sm transition-colors file:border-0 file:bg-transparent file:text-sm file:font-medium file:text-foreground focus-visible:outline-none focus-visible:ring-ring disabled:cursor-not-allowed disabled:opacity-50 md:text-sm bg-transparent border-0 border-b border-white/20 rounded-none px-0 text-xl font-medium text-white placeholder:text-white/20 focus-visible:ring-0 focus-visible:ring-offset-0 focus-visible:border-white h-auto py-2\"\u001b[39m\n    \u001b[33mid\u001b[39m=\u001b[32m\"_r_7_-form-item\"\u001b[39m\n    \u001b[33mname\u001b[39m=\u001b[32m\"email\"\u001b[39m\n    \u001b[33mplaceholder\u001b[39m=\u001b[32m\"tu@email.com\"\u001b[39m\n    \u001b[33mvalue\u001b[39m=\u001b[32m\"\"\u001b[39m\n  \u001b[36m/>\u001b[39m\n\n  --------------------------------------------------\n  button:\n\n  Name \"ENVIANDO...\":\n  \u001b[36m<button\u001b[39m\n    \u001b[33mclass\u001b[39m=\u001b[32m\"w-full mt-4 py-4 flex items-center justify-center text-lg font-bold uppercase tracking-widest text-white transition-colors border\n                bg-white/5 border-white/10 text-white/40 cursor-not-allowed\n              \"\u001b[39m\n    \u001b[33mdisabled\u001b[39m=\u001b[32m\"\"\u001b[39m\n    \u001b[33mtabindex\u001b[39m=\u001b[32m\"0\"\u001b[39m\n    \u001b[33mtype\u001b[39m=\u001b[32m\"submit\"\u001b[39m\n  \u001b[36m/>\u001b[39m\n\n  --------------------------------------------------\n\nIgnored nodes: comments, script, style\n\u001b[36m<body>\u001b[39m\n  \u001b[36m<div>\u001b[39m\n    \u001b[36m<div\u001b[39m\n      \u001b[33mclass\u001b[39m=\u001b[32m\"flex flex-col p-4 md:p-6 w-full\"\u001b[39m\n    \u001b[36m>\u001b[39m\n      \u001b[36m<h3\u001b[39m\n        \u001b[33mclass\u001b[39m=\u001b[32m\"text-2xl md:text-3xl font-bold uppercase tracking-tight text-white mb-2\"\u001b[39m\n      \u001b[36m>\u001b[39m\n        \u001b[0mTus Datos\u001b[0m\n      \u001b[36m</h3>\u001b[39m\n      \u001b[36m<p\u001b[39m\n        \u001b[33mclass\u001b[39m=\u001b[32m\"text-sm md:text-base text-gray-400 mb-8 max-w-xs\"\u001b[39m\n      \u001b[36m>\u001b[39m\n        \u001b[0mIngresá tu nombre y email para solicitar la reserva.\u001b[0m\n      \u001b[36m</p>\u001b[39m\n      \u001b[36m<form\u001b[39m\n        \u001b[33mclass\u001b[39m=\u001b[32m\"space-y-8\"\u001b[39m\n      \u001b[36m>\u001b[39m\n        \u001b[36m<div\u001b[39m\n          \u001b[33mclass\u001b[39m=\u001b[32m\"space-y-2\"\u001b[39m\n        \u001b[36m>\u001b[39m\n          \u001b[36m<label\u001b[39m\n            \u001b[33mclass\u001b[39m=\u001b[32m\"peer-disabled:cursor-not-allowed peer-disabled:opacity-70 uppercase text-nmd-orange font-bold tracking-wider text-xs\"\u001b[39m\n            \u001b[33mfor\u001b[39m=\u001b[32m\"_r_6_-form-item\"\u001b[39m\n          \u001b[36m>\u001b[39m\n            \u001b[0mNombre\u001b[0m\n          \u001b[36m</label>\u001b[39m\n          \u001b[36m<input\u001b[39m\n            \u001b[33maria-describedby\u001b[39m=\u001b[32m\"_r_6_-form-item-description\"\u001b[39m\n            \u001b[33maria-invalid\u001b[39m=\u001b[32m\"false\"\u001b[39m\n            \u001b[33mclass\u001b[39m=\u001b[32m\"flex w-full shadow-sm transition-colors file:border-0 file:bg-transparent file:text-sm file:font-medium file:text-foreground focus-visible:outline-none focus-visible:ring-ring disabled:cursor-not-allowed disabled:opacity-50 md:text-sm bg-transparent border-0 border-b border-white/20 rounded-none px-0 text-xl font-medium text-white placeholder:text-white/20 focus-visible:ring-0 focus-visible:ring-offset-0 focus-visible:border-white h-auto py-2\"\u001b[39m\n            \u001b[33mid\u001b[39m=\u001b[32m\"_r_6_-form-item\"\u001b[39m\n            \u001b[33mname\u001b[39m=\u001b[32m\"name\"\u001b[39m\n            \u001b[33mplaceholder\u001b[39m=\u001b[32m\"Juan Perez\"\u001b[39m\n            \u001b[33mvalue\u001b[39m=\u001b[32m\"\"\u001b[39m\n          \u001b[36m/>\u001b[39m\n        \u001b[36m</div>\u001b[39m\n        \u001b[36m<div\u001b[39m\n          \u001b[33mclass\u001b[39m=\u001b[32m\"space-y-2\"\u001b[39m\n        \u001b[36m>\u001b[39m\n          \u001b[36m<label\u001b[39m\n            \u001b[33mclass\u001b[39m=\u001b[32m\"peer-disabled:cursor-not-allowed peer-disabled:opacity-70 uppercase text-nmd-orange font-bold tracking-wider text-xs\"\u001b[39m\n            \u001b[33mfor\u001b[39m=\u001b[32m\"_r_7_-form-item\"\u001b[39m\n          \u001b[36m>\u001b[39m\n            \u001b[0mEmail\u001b[0m\n          \u001b[36m</label>\u001b[39m\n          \u001b[36m<input\u001b[39m\n            \u001b[33maria-describedby\u001b[39m=\u001b[32m\"_r_7_-form-item-description\"\u001b[39m\n            \u001b[33maria-invalid\u001b[39m=\u001b[32m\"false\"\u001b[39m\n            \u001b[33mclass\u001b[39m=\u001b[32m\"flex w-full shadow-sm transition-colors file:border-0 file:bg-transparent file:text-sm file:font-medium file:text-foreground focus-visible:outline-none focus-visible:ring-ring disabled:cursor-not-allowed disabled:opacity-50 md:text-sm bg-transparent border-0 border-b border-white/20 rounded-none px-0 text-xl font-medium text-white placeholder:text-white/20 focus-visible:ring-0 focus-visible:ring-offset-0 focus-visible:border-white h-auto py-2\"\u001b[39m\n            \u001b[33mid\u001b[39m=\u001b[32m\"_r_7_-form-item\"\u001b[39m\n            \u001b[33mname\u001b[39m=\u001b[32m\"email\"\u001b[39m\n            \u001b[33mplaceholder\u001b[39m=\u001b[32m\"tu@email.com\"\u001b[39m\n            \u001b[33mvalue\u001b[39m=\u001b[32m\"\"\u001b[39m\n          \u001b[36m/>\u001b[39m\n        \u001b[36m</div>\u001b[39m\n        \u001b[36m<button\u001b[39m\n          \u001b[33mclass\u001b[39m=\u001b[32m\"w-full mt-4 py-4 flex items-center justify-center text-lg font-bold uppercase tracking-widest text-white transition-colors border\n              bg-white/5 border-white/10 text-white/40 cursor-not-allowed\n            \"\u001b[39m\n          \u001b[33mdisabled\u001b[39m=\u001b[32m\"\"\u001b[39m\n          \u001b[33mtabindex\u001b[39m=\u001b[32m\"0\"\u001b[39m\n          \u001b[33mtype\u001b[39m=\u001b[32m\"submit\"\u001b[39m\n        \u001b[36m>\u001b[39m\n          \u001b[36m<svg\u001b[39m\n            \u001b[33maria-hidden\u001b[39m=\u001b[32m\"true\"\u001b[39m\n            \u001b[33mclass\u001b[39m=\u001b[32m\"lucide lucide-loader-circle mr-2 h-5 w-5 animate-spin\"\u001b[39m\n            \u001b[33mfill\u001b[39m=\u001b[32m\"none\"\u001b[39m\n            \u001b[33mheight\u001b[39m=\u001b[32m\"24\"\u001b[39m\n            \u001b[33mstroke\u001b[39m=\u001b[32m\"currentColor\"\u001b[39m\n            \u001b[33mstroke-linecap\u001b[39m=\u001b[32m\"round\"\u001b[39m\n            \u001b[33mstroke-linejoin\u001b[39m=\u001b[32m\"round\"\u001b[39m\n            \u001b[33mstroke-width\u001b[39m=\u001b[32m\"2\"\u001b[39m\n            \u001b[33mviewBox\u001b[39m=\u001b[32m\"0 0 24 24\"\u001b[39m\n            \u001b[33mwidth\u001b[39m=\u001b[32m\"24\"\u001b[39m\n            \u001b[33mxmlns\u001b[39m=\u001b[32m\"http://www.w3.org/2000/svg\"\u001b[39m\n          \u001b[36m>\u001b[39m\n            \u001b[36m<path\u001b[39m\n              \u001b[33md\u001b[39m=\u001b[32m\"M21 12a9 9 0 1 1-6.219-8.56\"\u001b[39m\n            \u001b[36m/>\u001b[39m\n          \u001b[36m</svg>\u001b[39m\n          \u001b[0mENVIANDO...\u001b[0m\n        \u001b[36m</button>\u001b[39m\n      \u001b[36m</form>\u001b[39m\n    \u001b[36m</div>\u001b[39m\n  \u001b[36m</div>\u001b[39m\n\u001b[36m</body>\u001b[39m\n    at Object.getElementError (C:\\Users\\Estudiante UCU\\Desktop\\ProyectoWeb-somosNMD-v-Final\\node_modules\\.pnpm\\@testing-library+dom@10.4.1\\node_modules\\@testing-library\\dom\\dist\\config.js:37:19)\n    at C:\\Users\\Estudiante UCU\\Desktop\\ProyectoWeb-somosNMD-v-Final\\node_modules\\.pnpm\\@testing-library+dom@10.4.1\\node_modules\\@testing-library\\dom\\dist\\query-helpers.js:76:38\n    at C:\\Users\\Estudiante UCU\\Desktop\\ProyectoWeb-somosNMD-v-Final\\node_modules\\.pnpm\\@testing-library+dom@10.4.1\\node_modules\\@testing-library\\dom\\dist\\query-helpers.js:52:17\n    at C:\\Users\\Estudiante UCU\\Desktop\\ProyectoWeb-somosNMD-v-Final\\node_modules\\.pnpm\\@testing-library+dom@10.4.1\\node_modules\\@testing-library\\dom\\dist\\query-helpers.js:95:19\n    at C:/Users/Estudiante UCU/Desktop/ProyectoWeb-somosNMD-v-Final/apps/web/src/components/blocks/booking-data-form.test.tsx:65:33\n    at file:///C:/Users/Estudiante%20UCU/Desktop/ProyectoWeb-somosNMD-v-Final/node_modules/.pnpm/@vitest+runner@4.0.3/node_modules/@vitest/runner/dist/index.js:157:11\n    at file:///C:/Users/Estudiante%20UCU/Desktop/ProyectoWeb-somosNMD-v-Final/node_modules/.pnpm/@vitest+runner@4.0.3/node_modules/@vitest/runner/dist/index.js:753:26\n    at file:///C:/Users/Estudiante%20UCU/Desktop/ProyectoWeb-somosNMD-v-Final/node_modules/.pnpm/@vitest+runner@4.0.3/node_modules/@vitest/runner/dist/index.js:1636:20\n    at new Promise (<anonymous>)\n    at runWithTimeout (file:///C:/Users/Estudiante%20UCU/Desktop/ProyectoWeb-somosNMD-v-Final/node_modules/.pnpm/@vitest+runner@4.0.3/node_modules/@vitest/runner/dist/index.js:1602:10)"],"meta":{}}],"startTime":1772295823555,"endTime":1772295825880.0032,"status":"failed","message":"","name":"C:/Users/Estudiante UCU/Desktop/ProyectoWeb-somosNMD-v-Final/apps/web/src/components/blocks/booking-data-form.test.tsx"}]}