{"numTotalTestSuites":4,"numPassedTestSuites":0,"numFailedTestSuites":4,"numPendingTestSuites":0,"numTotalTests":4,"numPassedTests":2,"numFailedTests":2,"numPendingTests":0,"numTodoTests":0,"snapshot":{"added":0,"failure":false,"filesAdded":0,"filesRemoved":0,"filesRemovedList":[],"filesUnmatched":0,"filesUpdated":0,"matched":0,"total":0,"unchecked":0,"uncheckedKeysByFile":[],"unmatched":0,"updated":0,"didUpdate":false},"startTime":1772306539791,"success":false,"testResults":[{"assertionResults":[{"ancestorTitles":["Calendar Service","fetchCalendarEvents"],"fullName":"Calendar Service fetchCalendarEvents should return a list of occupied slots from Google Calendar","status":"failed","title":"should return a list of occupied slots from Google Calendar","duration":15.13229999999976,"failureMessages":["Error: Google Calendar Sync Error\n    at Module.fetchCalendarEvents (C:/Users/Estudiante UCU/Desktop/ProyectoWeb-somosNMD-v-Final/apps/web/src/lib/services/calendar.ts:65:11)\n    at C:/Users/Estudiante UCU/Desktop/ProyectoWeb-somosNMD-v-Final/apps/web/src/lib/services/calendar.test.ts:54:28\n    at file:///C:/Users/Estudiante%20UCU/Desktop/ProyectoWeb-somosNMD-v-Final/node_modules/.pnpm/@vitest+runner@4.0.3/node_modules/@vitest/runner/dist/index.js:157:11\n    at file:///C:/Users/Estudiante%20UCU/Desktop/ProyectoWeb-somosNMD-v-Final/node_modules/.pnpm/@vitest+runner@4.0.3/node_modules/@vitest/runner/dist/index.js:753:26\n    at file:///C:/Users/Estudiante%20UCU/Desktop/ProyectoWeb-somosNMD-v-Final/node_modules/.pnpm/@vitest+runner@4.0.3/node_modules/@vitest/runner/dist/index.js:1636:20\n    at new Promise (<anonymous>)\n    at runWithTimeout (file:///C:/Users/Estudiante%20UCU/Desktop/ProyectoWeb-somosNMD-v-Final/node_modules/.pnpm/@vitest+runner@4.0.3/node_modules/@vitest/runner/dist/index.js:1602:10)\n    at runTest (file:///C:/Users/Estudiante%20UCU/Desktop/ProyectoWeb-somosNMD-v-Final/node_modules/.pnpm/@vitest+runner@4.0.3/node_modules/@vitest/runner/dist/index.js:1309:12)\n    at processTicksAndRejections (node:internal/process/task_queues:105:5)\n    at runSuite (file:///C:/Users/Estudiante%20UCU/Desktop/ProyectoWeb-somosNMD-v-Final/node_modules/.pnpm/@vitest+runner@4.0.3/node_modules/@vitest/runner/dist/index.js:1468:8)"],"meta":{}},{"ancestorTitles":["Calendar Service","fetchCalendarEvents"],"fullName":"Calendar Service fetchCalendarEvents should handle errors gracefully and throw or return empty/default","status":"passed","title":"should handle errors gracefully and throw or return empty/default","duration":7.330399999999827,"failureMessages":[],"meta":{}},{"ancestorTitles":["Calendar Service","createCalendarEvent"],"fullName":"Calendar Service createCalendarEvent should create an event in Google Calendar for a 3-hour slot","status":"failed","title":"should create an event in Google Calendar for a 3-hour slot","duration":7.226700000000164,"failureMessages":["AssertionError: expected \"vi.fn()\" to be called 1 times, but got 0 times\n    at C:/Users/Estudiante UCU/Desktop/ProyectoWeb-somosNMD-v-Final/apps/web/src/lib/services/calendar.test.ts:92:26\n    at processTicksAndRejections (node:internal/process/task_queues:105:5)\n    at file:///C:/Users/Estudiante%20UCU/Desktop/ProyectoWeb-somosNMD-v-Final/node_modules/.pnpm/@vitest+runner@4.0.3/node_modules/@vitest/runner/dist/index.js:753:20"],"meta":{}},{"ancestorTitles":["Calendar Service","createCalendarEvent"],"fullName":"Calendar Service createCalendarEvent should handle creation errors gracefully","status":"passed","title":"should handle creation errors gracefully","duration":3.694799999999759,"failureMessages":[],"meta":{}}],"startTime":1772306543008,"endTime":1772306543041.6948,"status":"failed","message":"","name":"C:/Users/Estudiante UCU/Desktop/ProyectoWeb-somosNMD-v-Final/apps/web/src/lib/services/calendar.test.ts"}]}